# JRE version: OpenJDK Runtime Environment Temurin-21.0.10+7 (21.0.10+7) (build 21.0.10+7-LTS)
# Java VM: OpenJDK 64-Bit Server VM Temurin-21.0.10+7 (21.0.10+7-LTS, mixed mode, sharing, tiered, compressed oops, compressed class ptrs, parallel gc, windows-amd64)
GC Precious Log:
 CardTable entry size: 512
 CPUs: 20 total, 20 available
 Memory: 16125M
 Large Page Support: Disabled
 NUMA Support: Disabled
 Compressed Oops: Enabled (32-bit)
 Alignments: Space 512K, Generation 512K, Heap 2M
 Heap Min Capacity: 100M
 Heap Initial Capacity: 100M
 Heap Max Capacity: 2G
 Pre-touch: Disabled
 Parallel Workers: 15
Heap:
 PSYoungGen      total 23040K, used 7445K [0x00000000d5580000, 0x00000000d7100000, 0x0000000100000000)
  eden space 21504K, 27% used [0x00000000d5580000,0x00000000d5b49d50,0x00000000d6a80000)
  from space 1536K, 98% used [0x00000000d6d80000,0x00000000d6efb900,0x00000000d6f00000)
  to   space 3072K, 0% used [0x00000000d6a80000,0x00000000d6a80000,0x00000000d6d80000)
 ParOldGen       total 864768K, used 864405K [0x0000000080000000, 0x00000000b4c80000, 0x00000000d5580000)
  object space 864768K, 99% used [0x0000000080000000,0x00000000b4c25498,0x00000000b4c80000)
 Metaspace       used 88856K, committed 90560K, reserved 1179648K
  class space    used 9166K, committed 9920K, reserved 1048576K
GC Heap History (20 events):
Event: 6934.676 GC heap before
{Heap before GC invocations=1055 (full 4):
 PSYoungGen      total 23040K, used 23021K [0x00000000d5580000, 0x00000000d7100000, 0x0000000100000000)
  eden space 22016K, 100% used [0x00000000d5580000,0x00000000d6b00000,0x00000000d6b00000)
  from space 1024K, 98% used [0x00000000d7000000,0x00000000d70fb4e0,0x00000000d7100000)
  to   space 2048K, 0% used [0x00000000d6d00000,0x00000000d6d00000,0x00000000d6f00000)
 ParOldGen       total 854016K, used 853841K [0x0000000080000000, 0x00000000b4200000, 0x00000000d5580000)
  object space 854016K, 99% used [0x0000000080000000,0x00000000b41d4760,0x00000000b4200000)
 Metaspace       used 88848K, committed 90560K, reserved 1179648K
  class space    used 9166K, committed 9920K, reserved 1048576K
}
Event: 6934.677 GC heap after
{Heap after GC invocations=1055 (full 4):
 PSYoungGen      total 23552K, used 1425K [0x00000000d5580000, 0x00000000d7080000, 0x0000000100000000)
  eden space 22016K, 0% used [0x00000000d5580000,0x00000000d5580000,0x00000000d6b00000)
  from space 1536K, 92% used [0x00000000d6d00000,0x00000000d6e64530,0x00000000d6e80000)
  to   space 2048K, 0% used [0x00000000d6e80000,0x00000000d6e80000,0x00000000d7080000)
 ParOldGen       total 855040K, used 854829K [0x0000000080000000, 0x00000000b4300000, 0x00000000d5580000)
  object space 855040K, 99% used [0x0000000080000000,0x00000000b42cb768,0x00000000b4300000)
 Metaspace       used 88848K, committed 90560K, reserved 1179648K
  class space    used 9166K, committed 9920K, reserved 1048576K
}
Event: 6934.689 GC heap before
{Heap before GC invocations=1056 (full 4):
 PSYoungGen      total 23552K, used 23441K [0x00000000d5580000, 0x00000000d7080000, 0x0000000100000000)
  eden space 22016K, 100% used [0x00000000d5580000,0x00000000d6b00000,0x00000000d6b00000)
  from space 1536K, 92% used [0x00000000d6d00000,0x00000000d6e64530,0x00000000d6e80000)
  to   space 2048K, 0% used [0x00000000d6e80000,0x00000000d6e80000,0x00000000d7080000)
 ParOldGen       total 855040K, used 854829K [0x0000000080000000, 0x00000000b4300000, 0x00000000d5580000)
  object space 855040K, 99% used [0x0000000080000000,0x00000000b42cb768,0x00000000b4300000)
 Metaspace       used 88848K, committed 90560K, reserved 1179648K
  class space    used 9166K, committed 9920K, reserved 1048576K
}
Event: 6934.690 GC heap after
{Heap after GC invocations=1056 (full 4):
 PSYoungGen      total 23552K, used 1106K [0x00000000d5580000, 0x00000000d7000000, 0x0000000100000000)
  eden space 22016K, 0% used [0x00000000d5580000,0x00000000d5580000,0x00000000d6b00000)
  from space 1536K, 72% used [0x00000000d6e80000,0x00000000d6f94940,0x00000000d7000000)
  to   space 1536K, 0% used [0x00000000d6d00000,0x00000000d6d00000,0x00000000d6e80000)
 ParOldGen       total 856064K, used 855694K [0x0000000080000000, 0x00000000b4400000, 0x00000000d5580000)
  object space 856064K, 99% used [0x0000000080000000,0x00000000b43a3b78,0x00000000b4400000)
 Metaspace       used 88848K, committed 90560K, reserved 1179648K
  class space    used 9166K, committed 9920K, reserved 1048576K
}
Event: 6934.701 GC heap before
{Heap before GC invocations=1057 (full 4):
 PSYoungGen      total 23552K, used 23122K [0x00000000d5580000, 0x00000000d7000000, 0x0000000100000000)
  eden space 22016K, 100% used [0x00000000d5580000,0x00000000d6b00000,0x00000000d6b00000)
  from space 1536K, 72% used [0x00000000d6e80000,0x00000000d6f94940,0x00000000d7000000)
  to   space 1536K, 0% used [0x00000000d6d00000,0x00000000d6d00000,0x00000000d6e80000)
 ParOldGen       total 856064K, used 855694K [0x0000000080000000, 0x00000000b4400000, 0x00000000d5580000)
  object space 856064K, 99% used [0x0000000080000000,0x00000000b43a3b78,0x00000000b4400000)
 Metaspace       used 88848K, committed 90560K, reserved 1179648K
  class space    used 9166K, committed 9920K, reserved 1048576K
}
Event: 6934.702 GC heap after
{Heap after GC invocations=1057 (full 4):
 PSYoungGen      total 23552K, used 1176K [0x00000000d5580000, 0x00000000d6f00000, 0x0000000100000000)
  eden space 22016K, 0% used [0x00000000d5580000,0x00000000d5580000,0x00000000d6b00000)
  from space 1536K, 76% used [0x00000000d6d00000,0x00000000d6e26008,0x00000000d6e80000)
  to   space 512K, 0% used [0x00000000d6e80000,0x00000000d6e80000,0x00000000d6f00000)
 ParOldGen       total 856576K, used 856462K [0x0000000080000000, 0x00000000b4480000, 0x00000000d5580000)
  object space 856576K, 99% used [0x0000000080000000,0x00000000b4463b78,0x00000000b4480000)
 Metaspace       used 88848K, committed 90560K, reserved 1179648K
  class space    used 9166K, committed 9920K, reserved 1048576K
}
Event: 6934.713 GC heap before
{Heap before GC invocations=1058 (full 4):
 PSYoungGen      total 23552K, used 23192K [0x00000000d5580000, 0x00000000d6f00000, 0x0000000100000000)
  eden space 22016K, 100% used [0x00000000d5580000,0x00000000d6b00000,0x00000000d6b00000)
  from space 1536K, 76% used [0x00000000d6d00000,0x00000000d6e26008,0x00000000d6e80000)
  to   space 512K, 0% used [0x00000000d6e80000,0x00000000d6e80000,0x00000000d6f00000)
 ParOldGen       total 856576K, used 856462K [0x0000000080000000, 0x00000000b4480000, 0x00000000d5580000)
  object space 856576K, 99% used [0x0000000080000000,0x00000000b4463b78,0x00000000b4480000)
 Metaspace       used 88848K, committed 90560K, reserved 1179648K
  class space    used 9166K, committed 9920K, reserved 1048576K
}
Event: 6934.715 GC heap after
{Heap after GC invocations=1058 (full 4):
 PSYoungGen      total 22528K, used 512K [0x00000000d5580000, 0x00000000d7000000, 0x0000000100000000)
  eden space 22016K, 0% used [0x00000000d5580000,0x00000000d5580000,0x00000000d6b00000)
  from space 512K, 100% used [0x00000000d6e80000,0x00000000d6f00000,0x00000000d6f00000)
  to   space 2560K, 0% used [0x00000000d6b00000,0x00000000d6b00000,0x00000000d6d80000)
 ParOldGen       total 858112K, used 857947K [0x0000000080000000, 0x00000000b4600000, 0x00000000d5580000)
  object space 858112K, 99% used [0x0000000080000000,0x00000000b45d6d90,0x00000000b4600000)
 Metaspace       used 88848K, committed 90560K, reserved 1179648K
  class space    used 9166K, committed 9920K, reserved 1048576K
}
Event: 6934.726 GC heap before
{Heap before GC invocations=1059 (full 4):
 PSYoungGen      total 22528K, used 22528K [0x00000000d5580000, 0x00000000d7000000, 0x0000000100000000)
  eden space 22016K, 100% used [0x00000000d5580000,0x00000000d6b00000,0x00000000d6b00000)
  from space 512K, 100% used [0x00000000d6e80000,0x00000000d6f00000,0x00000000d6f00000)
  to   space 2560K, 0% used [0x00000000d6b00000,0x00000000d6b00000,0x00000000d6d80000)
 ParOldGen       total 858112K, used 857947K [0x0000000080000000, 0x00000000b4600000, 0x00000000d5580000)
  object space 858112K, 99% used [0x0000000080000000,0x00000000b45d6d90,0x00000000b4600000)
 Metaspace       used 88848K, committed 90560K, reserved 1179648K
  class space    used 9166K, committed 9920K, reserved 1048576K
}
Event: 6934.727 GC heap after
{Heap after GC invocations=1059 (full 4):
 PSYoungGen      total 24576K, used 1251K [0x00000000d5580000, 0x00000000d6f00000, 0x0000000100000000)
  eden space 22016K, 0% used [0x00000000d5580000,0x00000000d5580000,0x00000000d6b00000)
  from space 2560K, 48% used [0x00000000d6b00000,0x00000000d6c38c98,0x00000000d6d80000)
  to   space 1536K, 0% used [0x00000000d6d80000,0x00000000d6d80000,0x00000000d6f00000)
 ParOldGen       total 858624K, used 858443K [0x0000000080000000, 0x00000000b4680000, 0x00000000d5580000)
  object space 858624K, 99% used [0x0000000080000000,0x00000000b4652d90,0x00000000b4680000)
 Metaspace       used 88848K, committed 90560K, reserved 1179648K
  class space    used 9166K, committed 9920K, reserved 1048576K
}
Event: 6934.741 GC heap before
{Heap before GC invocations=1060 (full 4):
 PSYoungGen      total 24576K, used 23267K [0x00000000d5580000, 0x00000000d6f00000, 0x0000000100000000)
  eden space 22016K, 100% used [0x00000000d5580000,0x00000000d6b00000,0x00000000d6b00000)
  from space 2560K, 48% used [0x00000000d6b00000,0x00000000d6c38c98,0x00000000d6d80000)
  to   space 1536K, 0% used [0x00000000d6d80000,0x00000000d6d80000,0x00000000d6f00000)
 ParOldGen       total 858624K, used 858443K [0x0000000080000000, 0x00000000b4680000, 0x00000000d5580000)
  object space 858624K, 99% used [0x0000000080000000,0x00000000b4652d90,0x00000000b4680000)
 Metaspace       used 88848K, committed 90560K, reserved 1179648K
  class space    used 9166K, committed 9920K, reserved 1048576K
}
Event: 6934.742 GC heap after
{Heap after GC invocations=1060 (full 4):
 PSYoungGen      total 23552K, used 1214K [0x00000000d5580000, 0x00000000d6f00000, 0x0000000100000000)
  eden space 22016K, 0% used [0x00000000d5580000,0x00000000d5580000,0x00000000d6b00000)
  from space 1536K, 79% used [0x00000000d6d80000,0x00000000d6eafb10,0x00000000d6f00000)
  to   space 1536K, 0% used [0x00000000d6c00000,0x00000000d6c00000,0x00000000d6d80000)
 ParOldGen       total 859648K, used 859272K [0x0000000080000000, 0x00000000b4780000, 0x00000000d5580000)
  object space 859648K, 99% used [0x0000000080000000,0x00000000b47223a0,0x00000000b4780000)
 Metaspace       used 88848K, committed 90560K, reserved 1179648K
  class space    used 9166K, committed 9920K, reserved 1048576K
}
Event: 6934.753 GC heap before
{Heap before GC invocations=1061 (full 4):
 PSYoungGen      total 23552K, used 23230K [0x00000000d5580000, 0x00000000d6f00000, 0x0000000100000000)
  eden space 22016K, 100% used [0x00000000d5580000,0x00000000d6b00000,0x00000000d6b00000)
  from space 1536K, 79% used [0x00000000d6d80000,0x00000000d6eafb10,0x00000000d6f00000)
  to   space 1536K, 0% used [0x00000000d6c00000,0x00000000d6c00000,0x00000000d6d80000)
 ParOldGen       total 859648K, used 859272K [0x0000000080000000, 0x00000000b4780000, 0x00000000d5580000)
  object space 859648K, 99% used [0x0000000080000000,0x00000000b47223a0,0x00000000b4780000)
 Metaspace       used 88848K, committed 90560K, reserved 1179648K
  class space    used 9166K, committed 9920K, reserved 1048576K
}
Event: 6934.754 GC heap after
{Heap after GC invocations=1061 (full 4):
 PSYoungGen      total 23552K, used 1512K [0x00000000d5580000, 0x00000000d7200000, 0x0000000100000000)
  eden space 22016K, 0% used [0x00000000d5580000,0x00000000d5580000,0x00000000d6b00000)
  from space 1536K, 98% used [0x00000000d6c00000,0x00000000d6d7a108,0x00000000d6d80000)
  to   space 3584K, 0% used [0x00000000d6e80000,0x00000000d6e80000,0x00000000d7200000)
 ParOldGen       total 861184K, used 860820K [0x0000000080000000, 0x00000000b4900000, 0x00000000d5580000)
  object space 861184K, 99% used [0x0000000080000000,0x00000000b48a5380,0x00000000b4900000)
 Metaspace       used 88848K, committed 90560K, reserved 1179648K
  class space    used 9166K, committed 9920K, reserved 1048576K
}
Event: 6934.765 GC heap before
{Heap before GC invocations=1062 (full 4):
 PSYoungGen      total 23552K, used 23528K [0x00000000d5580000, 0x00000000d7200000, 0x0000000100000000)
  eden space 22016K, 99% used [0x00000000d5580000,0x00000000d6afffb8,0x00000000d6b00000)
  from space 1536K, 98% used [0x00000000d6c00000,0x00000000d6d7a108,0x00000000d6d80000)
  to   space 3584K, 0% used [0x00000000d6e80000,0x00000000d6e80000,0x00000000d7200000)
 ParOldGen       total 861184K, used 860820K [0x0000000080000000, 0x00000000b4900000, 0x00000000d5580000)
  object space 861184K, 99% used [0x0000000080000000,0x00000000b48a5380,0x00000000b4900000)
 Metaspace       used 88848K, committed 90560K, reserved 1179648K
  class space    used 9166K, committed 9920K, reserved 1048576K
}
Event: 6934.766 GC heap after
{Heap after GC invocations=1062 (full 4):
 PSYoungGen      total 23552K, used 1280K [0x00000000d5580000, 0x00000000d7000000, 0x0000000100000000)
  eden space 22016K, 0% used [0x00000000d5580000,0x00000000d5580000,0x00000000d6b00000)
  from space 1536K, 83% used [0x00000000d6e80000,0x00000000d6fc0000,0x00000000d7000000)
  to   space 2048K, 0% used [0x00000000d6c00000,0x00000000d6c00000,0x00000000d6e00000)
 ParOldGen       total 862720K, used 862333K [0x0000000080000000, 0x00000000b4a80000, 0x00000000d5580000)
  object space 862720K, 99% used [0x0000000080000000,0x00000000b4a1f498,0x00000000b4a80000)
 Metaspace       used 88848K, committed 90560K, reserved 1179648K
  class space    used 9166K, committed 9920K, reserved 1048576K
}
Event: 6934.779 GC heap before
{Heap before GC invocations=1063 (full 4):
 PSYoungGen      total 23552K, used 23296K [0x00000000d5580000, 0x00000000d7000000, 0x0000000100000000)
  eden space 22016K, 100% used [0x00000000d5580000,0x00000000d6b00000,0x00000000d6b00000)
  from space 1536K, 83% used [0x00000000d6e80000,0x00000000d6fc0000,0x00000000d7000000)
  to   space 2048K, 0% used [0x00000000d6c00000,0x00000000d6c00000,0x00000000d6e00000)
 ParOldGen       total 862720K, used 862333K [0x0000000080000000, 0x00000000b4a80000, 0x00000000d5580000)
  object space 862720K, 99% used [0x0000000080000000,0x00000000b4a1f498,0x00000000b4a80000)
 Metaspace       used 88848K, committed 90560K, reserved 1179648K
  class space    used 9166K, committed 9920K, reserved 1048576K
}
Event: 6934.780 GC heap after
{Heap after GC invocations=1063 (full 4):
 PSYoungGen      total 23552K, used 1120K [0x00000000d5580000, 0x00000000d6f00000, 0x0000000100000000)
  eden space 22016K, 0% used [0x00000000d5580000,0x00000000d5580000,0x00000000d6b00000)
  from space 1536K, 72% used [0x00000000d6c00000,0x00000000d6d18000,0x00000000d6d80000)
  to   space 1536K, 0% used [0x00000000d6d80000,0x00000000d6d80000,0x00000000d6f00000)
 ParOldGen       total 863744K, used 863413K [0x0000000080000000, 0x00000000b4b80000, 0x00000000d5580000)
  object space 863744K, 99% used [0x0000000080000000,0x00000000b4b2d498,0x00000000b4b80000)
 Metaspace       used 88848K, committed 90560K, reserved 1179648K
  class space    used 9166K, committed 9920K, reserved 1048576K
}
Event: 6934.802 GC heap before
{Heap before GC invocations=1064 (full 4):
 PSYoungGen      total 23552K, used 23134K [0x00000000d5580000, 0x00000000d6f00000, 0x0000000100000000)
  eden space 22016K, 99% used [0x00000000d5580000,0x00000000d6aff8d0,0x00000000d6b00000)
  from space 1536K, 72% used [0x00000000d6c00000,0x00000000d6d18000,0x00000000d6d80000)
  to   space 1536K, 0% used [0x00000000d6d80000,0x00000000d6d80000,0x00000000d6f00000)
 ParOldGen       total 863744K, used 863413K [0x0000000080000000, 0x00000000b4b80000, 0x00000000d5580000)
  object space 863744K, 99% used [0x0000000080000000,0x00000000b4b2d498,0x00000000b4b80000)
 Metaspace       used 88851K, committed 90560K, reserved 1179648K
  class space    used 9166K, committed 9920K, reserved 1048576K
}
Event: 6934.803 GC heap after
{Heap after GC invocations=1064 (full 4):
 PSYoungGen      total 23040K, used 1518K [0x00000000d5580000, 0x00000000d7100000, 0x0000000100000000)
  eden space 21504K, 0% used [0x00000000d5580000,0x00000000d5580000,0x00000000d6a80000)
  from space 1536K, 98% used [0x00000000d6d80000,0x00000000d6efb900,0x00000000d6f00000)
  to   space 3072K, 0% used [0x00000000d6a80000,0x00000000d6a80000,0x00000000d6d80000)
 ParOldGen       total 864768K, used 864405K [0x0000000080000000, 0x00000000b4c80000, 0x00000000d5580000)
  object space 864768K, 99% used [0x0000000080000000,0x00000000b4c25498,0x00000000b4c80000)
 Metaspace       used 88851K, committed 90560K, reserved 1179648K
  class space    used 9166K, committed 9920K, reserved 1048576K
}

